#! /usr/local/iverilog/bin/vvp
:ivl_version "11.0 (devel)";
:ivl_delay_selection "TYPICAL";
:vpi_time_precision + 0;
:vpi_module "D:\iverilog\lib\ivl\system.vpi";
:vpi_module "D:\iverilog\lib\ivl\vhdl_sys.vpi";
:vpi_module "D:\iverilog\lib\ivl\vhdl_textio.vpi";
:vpi_module "D:\iverilog\lib\ivl\v2005_math.vpi";
:vpi_module "D:\iverilog\lib\ivl\va_math.vpi";
S_0000000001091ca0 .scope module, "dispatch" "dispatch" 2 3;
 .timescale 0 0;
    .port_info 0 /INPUT 1 "clk";
    .port_info 1 /INPUT 1 "rst";
    .port_info 2 /INPUT 1 "rdy";
    .port_info 3 /INPUT 5 "r1Addr_i";
    .port_info 4 /INPUT 5 "r2Addr_i";
    .port_info 5 /INPUT 5 "rdAddr_i";
    .port_info 6 /INPUT 6 "opCode_i";
    .port_info 7 /INPUT 32 "Pc_i";
    .port_info 8 /INPUT 32 "Imm_i";
    .port_info 9 /OUTPUT 1 "lockEn_o";
    .port_info 10 /OUTPUT 5 "lockId_o";
    .port_info 11 /OUTPUT 5 "lockAddr_o";
    .port_info 12 /OUTPUT 1 "r1En_o";
    .port_info 13 /OUTPUT 5 "r1Addr_o";
    .port_info 14 /OUTPUT 1 "r2En_o";
    .port_info 15 /OUTPUT 5 "r2Addr_o";
    .port_info 16 /INPUT 1 "r1Rdy_i";
    .port_info 17 /INPUT 5 "r1Id_i";
    .port_info 18 /INPUT 32 "r1Data_i";
    .port_info 19 /INPUT 1 "r2Rdy_i";
    .port_info 20 /INPUT 5 "r2Id_i";
    .port_info 21 /INPUT 32 "r2Data_i";
    .port_info 22 /INPUT 1 "LSRSFull_i";
    .port_info 23 /OUTPUT 1 "LSRSEn_o";
    .port_info 24 /OUTPUT 6 "LSRSOpcode_o";
    .port_info 25 /OUTPUT 32 "LSRSImm_o";
    .port_info 26 /OUTPUT 32 "LSRSr1Data_o";
    .port_info 27 /OUTPUT 32 "LSRSr2Data_o";
    .port_info 28 /OUTPUT 5 "LSRSr1Id_o";
    .port_info 29 /OUTPUT 5 "LSRSr2Id_o";
    .port_info 30 /OUTPUT 5 "LSRSId_o";
    .port_info 31 /INPUT 1 "RSFull_i";
    .port_info 32 /OUTPUT 1 "RSEn_o";
    .port_info 33 /OUTPUT 6 "RSOpcode_o";
    .port_info 34 /OUTPUT 32 "RSPc_o";
    .port_info 35 /OUTPUT 32 "RSImm_o";
    .port_info 36 /OUTPUT 32 "RSr1Data_o";
    .port_info 37 /OUTPUT 32 "RSr2Data_o";
    .port_info 38 /OUTPUT 5 "RSr1Id_o";
    .port_info 39 /OUTPUT 5 "RSr2Id_o";
    .port_info 40 /OUTPUT 5 "RSId_o";
    .port_info 41 /INPUT 5 "ROBId_i";
    .port_info 42 /OUTPUT 1 "ROBEn_o";
    .port_info 43 /OUTPUT 5 "ROBId_o";
    .port_info 44 /OUTPUT 5 "ROBRd_o";
    .port_info 45 /OUTPUT 32 "ROBPc_o";
    .port_info 46 /OUTPUT 2 "ROBBrTag_o";
    .port_info 47 /OUTPUT 1 "BrPridEn_o";
    .port_info 48 /OUTPUT 32 "BrPridPc_o";
    .port_info 49 /INPUT 1 "cdb1En_i";
    .port_info 50 /INPUT 5 "cdb1Id_i";
    .port_info 51 /INPUT 32 "cdb1Data_i";
    .port_info 52 /INPUT 1 "cdb2En_i";
    .port_info 53 /INPUT 5 "cdb2Id_i";
    .port_info 54 /INPUT 32 "cdb2Data_i";
v00000000001f72c0_0 .var "BrPridEn_o", 0 0;
v00000000001f6e80_0 .var "BrPridPc_o", 31 0;
o00000000010a1fd8 .functor BUFZ 32, C4<zzzzzzzzzzzzzzzzzzzzzzzzzzzzzzzz>; HiZ drive
v00000000001f6f20_0 .net "Imm_i", 31 0, o00000000010a1fd8;  0 drivers
v00000000001f6fc0_0 .var "LSRSEn_o", 0 0;
o00000000010a2038 .functor BUFZ 1, C4<z>; HiZ drive
v00000000001f7060_0 .net "LSRSFull_i", 0 0, o00000000010a2038;  0 drivers
v00000000010f2040_0 .var "LSRSId_o", 4 0;
v00000000010f20e0_0 .var "LSRSImm_o", 31 0;
v00000000010f2180_0 .var "LSRSOpcode_o", 5 0;
v00000000010f2220_0 .var "LSRSr1Data_o", 31 0;
v00000000010f22c0_0 .var "LSRSr1Id_o", 4 0;
v00000000010f2360_0 .var "LSRSr2Data_o", 31 0;
v00000000010f2400_0 .var "LSRSr2Id_o", 4 0;
o00000000010a21b8 .functor BUFZ 32, C4<zzzzzzzzzzzzzzzzzzzzzzzzzzzzzzzz>; HiZ drive
v00000000010f24a0_0 .net "Pc_i", 31 0, o00000000010a21b8;  0 drivers
v00000000010f2540_0 .var "ROBBrTag_o", 1 0;
v00000000010f25e0_0 .var "ROBEn_o", 0 0;
o00000000010a2248 .functor BUFZ 5, C4<zzzzz>; HiZ drive
v00000000010f2680_0 .net "ROBId_i", 4 0, o00000000010a2248;  0 drivers
v00000000010f3170_0 .var "ROBId_o", 4 0;
v00000000010f2950_0 .var "ROBPc_o", 31 0;
v00000000010f2a90_0 .var "ROBRd_o", 4 0;
v00000000010f2b30_0 .var "RSEn_o", 0 0;
o00000000010a2338 .functor BUFZ 1, C4<z>; HiZ drive
v00000000010f32b0_0 .net "RSFull_i", 0 0, o00000000010a2338;  0 drivers
v00000000010f2770_0 .var "RSId_o", 4 0;
v00000000010f29f0_0 .var "RSImm_o", 31 0;
v00000000010f3210_0 .var "RSOpcode_o", 5 0;
v00000000010f28b0_0 .var "RSPc_o", 31 0;
v00000000010f3030_0 .var "RSr1Data_o", 31 0;
v00000000010f2bd0_0 .var "RSr1Id_o", 4 0;
v00000000010f3670_0 .var "RSr2Data_o", 31 0;
v00000000010f2c70_0 .var "RSr2Id_o", 4 0;
o00000000010a24e8 .functor BUFZ 32, C4<zzzzzzzzzzzzzzzzzzzzzzzzzzzzzzzz>; HiZ drive
v00000000010f33f0_0 .net "cdb1Data_i", 31 0, o00000000010a24e8;  0 drivers
o00000000010a2518 .functor BUFZ 1, C4<z>; HiZ drive
v00000000010f2810_0 .net "cdb1En_i", 0 0, o00000000010a2518;  0 drivers
o00000000010a2548 .functor BUFZ 5, C4<zzzzz>; HiZ drive
v00000000010f3530_0 .net "cdb1Id_i", 4 0, o00000000010a2548;  0 drivers
o00000000010a2578 .functor BUFZ 32, C4<zzzzzzzzzzzzzzzzzzzzzzzzzzzzzzzz>; HiZ drive
v00000000010f2d10_0 .net "cdb2Data_i", 31 0, o00000000010a2578;  0 drivers
o00000000010a25a8 .functor BUFZ 1, C4<z>; HiZ drive
v00000000010f3350_0 .net "cdb2En_i", 0 0, o00000000010a25a8;  0 drivers
o00000000010a25d8 .functor BUFZ 5, C4<zzzzz>; HiZ drive
v00000000010f2db0_0 .net "cdb2Id_i", 4 0, o00000000010a25d8;  0 drivers
o00000000010a2608 .functor BUFZ 1, C4<z>; HiZ drive
v00000000010f2e50_0 .net "clk", 0 0, o00000000010a2608;  0 drivers
v00000000010f2ef0_0 .var "lockAddr_o", 4 0;
v00000000010f2f90_0 .var "lockEn_o", 0 0;
v00000000010f3490_0 .var "lockId_o", 4 0;
o00000000010a26c8 .functor BUFZ 6, C4<zzzzzz>; HiZ drive
v00000000010f35d0_0 .net "opCode_i", 5 0, o00000000010a26c8;  0 drivers
o00000000010a26f8 .functor BUFZ 5, C4<zzzzz>; HiZ drive
v00000000010f30d0_0 .net "r1Addr_i", 4 0, o00000000010a26f8;  0 drivers
v00000000010f50d0_0 .var "r1Addr_o", 4 0;
o00000000010a2758 .functor BUFZ 32, C4<zzzzzzzzzzzzzzzzzzzzzzzzzzzzzzzz>; HiZ drive
v00000000010f5990_0 .net "r1Data_i", 31 0, o00000000010a2758;  0 drivers
v00000000010f5c10_0 .var "r1En_o", 0 0;
o00000000010a27b8 .functor BUFZ 5, C4<zzzzz>; HiZ drive
v00000000010f41d0_0 .net "r1Id_i", 4 0, o00000000010a27b8;  0 drivers
o00000000010a27e8 .functor BUFZ 1, C4<z>; HiZ drive
v00000000010f53f0_0 .net "r1Rdy_i", 0 0, o00000000010a27e8;  0 drivers
o00000000010a2818 .functor BUFZ 5, C4<zzzzz>; HiZ drive
v00000000010f5170_0 .net "r2Addr_i", 4 0, o00000000010a2818;  0 drivers
v00000000010f4e50_0 .var "r2Addr_o", 4 0;
o00000000010a2878 .functor BUFZ 32, C4<zzzzzzzzzzzzzzzzzzzzzzzzzzzzzzzz>; HiZ drive
v00000000010f5d50_0 .net "r2Data_i", 31 0, o00000000010a2878;  0 drivers
v00000000010f55d0_0 .var "r2En_o", 0 0;
o00000000010a28d8 .functor BUFZ 5, C4<zzzzz>; HiZ drive
v00000000010f5a30_0 .net "r2Id_i", 4 0, o00000000010a28d8;  0 drivers
o00000000010a2908 .functor BUFZ 1, C4<z>; HiZ drive
v00000000010f4c70_0 .net "r2Rdy_i", 0 0, o00000000010a2908;  0 drivers
o00000000010a2938 .functor BUFZ 5, C4<zzzzz>; HiZ drive
v00000000010f44f0_0 .net "rdAddr_i", 4 0, o00000000010a2938;  0 drivers
o00000000010a2968 .functor BUFZ 1, C4<z>; HiZ drive
v00000000010f3ff0_0 .net "rdy", 0 0, o00000000010a2968;  0 drivers
o00000000010a2998 .functor BUFZ 1, C4<z>; HiZ drive
v00000000010f5cb0_0 .net "rst", 0 0, o00000000010a2998;  0 drivers
E_000000000107ce30/0 .event edge, v00000000010f5cb0_0, v00000000010f35d0_0, v00000000010f3ff0_0, v00000000010f2680_0;
E_000000000107ce30/1 .event edge, v00000000010f44f0_0, v00000000010f30d0_0, v00000000010f5170_0, v00000000001f7060_0;
E_000000000107ce30/2 .event edge, v00000000010f53f0_0, v00000000010f4c70_0, v00000000001f6f20_0, v00000000010f2810_0;
E_000000000107ce30/3 .event edge, v00000000010f3530_0, v00000000010f41d0_0, v00000000010f33f0_0, v00000000010f3350_0;
E_000000000107ce30/4 .event edge, v00000000010f2db0_0, v00000000010f2d10_0, v00000000010f5990_0, v00000000010f5a30_0;
E_000000000107ce30/5 .event edge, v00000000010f5d50_0, v00000000010f32b0_0, v00000000010f24a0_0;
E_000000000107ce30 .event/or E_000000000107ce30/0, E_000000000107ce30/1, E_000000000107ce30/2, E_000000000107ce30/3, E_000000000107ce30/4, E_000000000107ce30/5;
    .scope S_0000000001091ca0;
T_0 ;
    %wait E_000000000107ce30;
    %load/vec4 v00000000010f5cb0_0;
    %flag_set/vec4 8;
    %load/vec4 v00000000010f35d0_0;
    %cmpi/e 0, 0, 6;
    %flag_or 4, 8;
    %jmp/0xz  T_0.0, 4;
    %pushi/vec4 0, 0, 1;
    %assign/vec4 v00000000010f2f90_0, 0;
    %pushi/vec4 0, 0, 1;
    %assign/vec4 v00000000010f5c10_0, 0;
    %pushi/vec4 0, 0, 1;
    %assign/vec4 v00000000010f55d0_0, 0;
    %pushi/vec4 0, 0, 1;
    %assign/vec4 v00000000001f6fc0_0, 0;
    %pushi/vec4 0, 0, 1;
    %assign/vec4 v00000000010f2b30_0, 0;
    %pushi/vec4 0, 0, 1;
    %assign/vec4 v00000000010f25e0_0, 0;
    %pushi/vec4 0, 0, 1;
    %assign/vec4 v00000000001f72c0_0, 0;
    %jmp T_0.1;
T_0.0 ;
    %load/vec4 v00000000010f3ff0_0;
    %flag_set/vec4 8;
    %jmp/0xz  T_0.2, 8;
    %load/vec4 v00000000010f2680_0;
    %pad/u 32;
    %cmpi/ne 0, 0, 32;
    %jmp/0xz  T_0.4, 4;
    %load/vec4 v00000000010f44f0_0;
    %pad/u 32;
    %pushi/vec4 0, 0, 32;
    %cmp/ne;
    %flag_get/vec4 4;
    %assign/vec4 v00000000010f2f90_0, 0;
    %load/vec4 v00000000010f2680_0;
    %assign/vec4 v00000000010f3490_0, 0;
    %load/vec4 v00000000010f44f0_0;
    %assign/vec4 v00000000010f2ef0_0, 0;
    %pushi/vec4 1, 0, 1;
    %assign/vec4 v00000000010f5c10_0, 0;
    %load/vec4 v00000000010f30d0_0;
    %assign/vec4 v00000000010f50d0_0, 0;
    %pushi/vec4 1, 0, 1;
    %assign/vec4 v00000000010f55d0_0, 0;
    %load/vec4 v00000000010f5170_0;
    %assign/vec4 v00000000010f4e50_0, 0;
    %pushi/vec4 11, 0, 6;
    %load/vec4 v00000000010f35d0_0;
    %cmp/u;
    %flag_get/vec4 4;
    %flag_get/vec4 5;
    %or;
    %load/vec4 v00000000010f35d0_0;
    %cmpi/u 18, 0, 6;
    %flag_get/vec4 4;
    %flag_get/vec4 5;
    %or;
    %and;
    %flag_set/vec4 8;
    %jmp/0xz  T_0.6, 8;
    %load/vec4 v00000000001f7060_0;
    %nor/r;
    %load/vec4 v00000000010f53f0_0;
    %and;
    %load/vec4 v00000000010f4c70_0;
    %and;
    %flag_set/vec4 8;
    %jmp/0xz  T_0.8, 8;
    %pushi/vec4 1, 0, 1;
    %assign/vec4 v00000000001f6fc0_0, 0;
    %load/vec4 v00000000010f35d0_0;
    %assign/vec4 v00000000010f2180_0, 0;
    %load/vec4 v00000000001f6f20_0;
    %assign/vec4 v00000000010f20e0_0, 0;
    %load/vec4 v00000000010f2810_0;
    %load/vec4 v00000000010f3530_0;
    %load/vec4 v00000000010f41d0_0;
    %cmp/e;
    %flag_get/vec4 4;
    %and;
    %flag_set/vec4 8;
    %jmp/0xz  T_0.10, 8;
    %pushi/vec4 0, 0, 5;
    %assign/vec4 v00000000010f22c0_0, 0;
    %load/vec4 v00000000010f33f0_0;
    %assign/vec4 v00000000010f2220_0, 0;
    %jmp T_0.11;
T_0.10 ;
    %load/vec4 v00000000010f3350_0;
    %load/vec4 v00000000010f2db0_0;
    %load/vec4 v00000000010f41d0_0;
    %cmp/e;
    %flag_get/vec4 4;
    %and;
    %flag_set/vec4 8;
    %jmp/0xz  T_0.12, 8;
    %pushi/vec4 0, 0, 5;
    %assign/vec4 v00000000010f22c0_0, 0;
    %load/vec4 v00000000010f2d10_0;
    %assign/vec4 v00000000010f2220_0, 0;
    %jmp T_0.13;
T_0.12 ;
    %load/vec4 v00000000010f41d0_0;
    %assign/vec4 v00000000010f22c0_0, 0;
    %load/vec4 v00000000010f5990_0;
    %assign/vec4 v00000000010f2220_0, 0;
T_0.13 ;
T_0.11 ;
    %load/vec4 v00000000010f2810_0;
    %load/vec4 v00000000010f3530_0;
    %load/vec4 v00000000010f5a30_0;
    %cmp/e;
    %flag_get/vec4 4;
    %and;
    %flag_set/vec4 8;
    %jmp/0xz  T_0.14, 8;
    %pushi/vec4 0, 0, 5;
    %assign/vec4 v00000000010f2400_0, 0;
    %load/vec4 v00000000010f33f0_0;
    %assign/vec4 v00000000010f2360_0, 0;
    %jmp T_0.15;
T_0.14 ;
    %load/vec4 v00000000010f3350_0;
    %load/vec4 v00000000010f2db0_0;
    %load/vec4 v00000000010f5a30_0;
    %cmp/e;
    %flag_get/vec4 4;
    %and;
    %flag_set/vec4 8;
    %jmp/0xz  T_0.16, 8;
    %pushi/vec4 0, 0, 5;
    %assign/vec4 v00000000010f2400_0, 0;
    %load/vec4 v00000000010f2d10_0;
    %assign/vec4 v00000000010f2360_0, 0;
    %jmp T_0.17;
T_0.16 ;
    %load/vec4 v00000000010f5a30_0;
    %assign/vec4 v00000000010f2400_0, 0;
    %load/vec4 v00000000010f5d50_0;
    %assign/vec4 v00000000010f2360_0, 0;
T_0.17 ;
T_0.15 ;
    %load/vec4 v00000000010f2680_0;
    %assign/vec4 v00000000010f2040_0, 0;
    %jmp T_0.9;
T_0.8 ;
    %pushi/vec4 0, 0, 1;
    %assign/vec4 v00000000001f6fc0_0, 0;
T_0.9 ;
    %pushi/vec4 0, 0, 1;
    %assign/vec4 v00000000010f2b30_0, 0;
    %jmp T_0.7;
T_0.6 ;
    %load/vec4 v00000000010f32b0_0;
    %nor/r;
    %load/vec4 v00000000010f53f0_0;
    %and;
    %load/vec4 v00000000010f4c70_0;
    %and;
    %flag_set/vec4 8;
    %jmp/0xz  T_0.18, 8;
    %pushi/vec4 1, 0, 1;
    %assign/vec4 v00000000010f2b30_0, 0;
    %load/vec4 v00000000010f35d0_0;
    %assign/vec4 v00000000010f3210_0, 0;
    %load/vec4 v00000000001f6f20_0;
    %assign/vec4 v00000000010f29f0_0, 0;
    %load/vec4 v00000000010f24a0_0;
    %assign/vec4 v00000000010f28b0_0, 0;
    %load/vec4 v00000000010f2810_0;
    %load/vec4 v00000000010f3530_0;
    %load/vec4 v00000000010f41d0_0;
    %cmp/e;
    %flag_get/vec4 4;
    %and;
    %flag_set/vec4 8;
    %jmp/0xz  T_0.20, 8;
    %pushi/vec4 0, 0, 5;
    %assign/vec4 v00000000010f2bd0_0, 0;
    %load/vec4 v00000000010f33f0_0;
    %assign/vec4 v00000000010f3030_0, 0;
    %jmp T_0.21;
T_0.20 ;
    %load/vec4 v00000000010f3350_0;
    %load/vec4 v00000000010f2db0_0;
    %load/vec4 v00000000010f41d0_0;
    %cmp/e;
    %flag_get/vec4 4;
    %and;
    %flag_set/vec4 8;
    %jmp/0xz  T_0.22, 8;
    %pushi/vec4 0, 0, 5;
    %assign/vec4 v00000000010f2bd0_0, 0;
    %load/vec4 v00000000010f2d10_0;
    %assign/vec4 v00000000010f3030_0, 0;
    %jmp T_0.23;
T_0.22 ;
    %load/vec4 v00000000010f41d0_0;
    %assign/vec4 v00000000010f2bd0_0, 0;
    %load/vec4 v00000000010f5990_0;
    %assign/vec4 v00000000010f3030_0, 0;
T_0.23 ;
T_0.21 ;
    %load/vec4 v00000000010f2810_0;
    %load/vec4 v00000000010f3530_0;
    %load/vec4 v00000000010f5a30_0;
    %cmp/e;
    %flag_get/vec4 4;
    %and;
    %flag_set/vec4 8;
    %jmp/0xz  T_0.24, 8;
    %pushi/vec4 0, 0, 5;
    %assign/vec4 v00000000010f2c70_0, 0;
    %load/vec4 v00000000010f33f0_0;
    %assign/vec4 v00000000010f3670_0, 0;
    %jmp T_0.25;
T_0.24 ;
    %load/vec4 v00000000010f3350_0;
    %load/vec4 v00000000010f2db0_0;
    %load/vec4 v00000000010f5a30_0;
    %cmp/e;
    %flag_get/vec4 4;
    %and;
    %flag_set/vec4 8;
    %jmp/0xz  T_0.26, 8;
    %pushi/vec4 0, 0, 5;
    %assign/vec4 v00000000010f2c70_0, 0;
    %load/vec4 v00000000010f2d10_0;
    %assign/vec4 v00000000010f3670_0, 0;
    %jmp T_0.27;
T_0.26 ;
    %load/vec4 v00000000010f5a30_0;
    %assign/vec4 v00000000010f2c70_0, 0;
    %load/vec4 v00000000010f5d50_0;
    %assign/vec4 v00000000010f3670_0, 0;
T_0.27 ;
T_0.25 ;
    %load/vec4 v00000000010f2680_0;
    %assign/vec4 v00000000010f2770_0, 0;
    %pushi/vec4 0, 0, 1;
    %assign/vec4 v00000000001f6fc0_0, 0;
    %jmp T_0.19;
T_0.18 ;
    %pushi/vec4 0, 0, 1;
    %assign/vec4 v00000000010f2b30_0, 0;
    %pushi/vec4 0, 0, 1;
    %assign/vec4 v00000000001f6fc0_0, 0;
T_0.19 ;
T_0.7 ;
    %pushi/vec4 1, 0, 1;
    %assign/vec4 v00000000010f25e0_0, 0;
    %load/vec4 v00000000010f2680_0;
    %assign/vec4 v00000000010f3170_0, 0;
    %load/vec4 v00000000010f44f0_0;
    %assign/vec4 v00000000010f2a90_0, 0;
    %load/vec4 v00000000010f24a0_0;
    %assign/vec4 v00000000010f2950_0, 0;
    %pushi/vec4 3, 0, 6;
    %load/vec4 v00000000010f35d0_0;
    %cmp/u;
    %flag_get/vec4 4;
    %flag_get/vec4 5;
    %or;
    %load/vec4 v00000000010f35d0_0;
    %cmpi/u 10, 0, 6;
    %flag_get/vec4 4;
    %flag_get/vec4 5;
    %or;
    %and;
    %flag_set/vec4 8;
    %jmp/0xz  T_0.28, 8;
    %pushi/vec4 0, 0, 2;
    %assign/vec4 v00000000010f2540_0, 0;
    %jmp T_0.29;
T_0.28 ;
    %pushi/vec4 2, 0, 2;
    %assign/vec4 v00000000010f2540_0, 0;
T_0.29 ;
    %pushi/vec4 0, 0, 1;
    %assign/vec4 v00000000001f72c0_0, 0;
    %jmp T_0.5;
T_0.4 ;
    %pushi/vec4 1, 0, 1;
    %assign/vec4 v00000000010f5c10_0, 0;
    %load/vec4 v00000000010f30d0_0;
    %assign/vec4 v00000000010f50d0_0, 0;
    %pushi/vec4 1, 0, 1;
    %assign/vec4 v00000000010f55d0_0, 0;
    %load/vec4 v00000000010f5170_0;
    %assign/vec4 v00000000010f4e50_0, 0;
    %pushi/vec4 0, 0, 1;
    %assign/vec4 v00000000010f2f90_0, 0;
    %pushi/vec4 0, 0, 1;
    %assign/vec4 v00000000001f6fc0_0, 0;
    %pushi/vec4 0, 0, 1;
    %assign/vec4 v00000000010f2b30_0, 0;
    %pushi/vec4 0, 0, 1;
    %assign/vec4 v00000000010f25e0_0, 0;
    %pushi/vec4 0, 0, 1;
    %assign/vec4 v00000000001f72c0_0, 0;
T_0.5 ;
T_0.2 ;
T_0.1 ;
    %jmp T_0;
    .thread T_0, $push;
# The file index is used to find the file name in the following table.
:file_names 3;
    "N/A";
    "<interactive>";
    "dispatch.v";
